{
  "RSpec": {
    "coverage": {
      "/Users/erikriggs/turing_work/1mod/projects/futbol/spec/stat_tracker_spec.rb": {
        "lines": [
          1,
          null,
          1,
          1,
          null,
          31,
          null,
          null,
          null,
          null,
          null,
          32,
          null,
          1,
          1,
          null,
          null,
          1,
          1,
          null,
          null,
          1,
          1,
          null,
          null,
          1,
          1,
          null,
          null,
          1,
          1,
          null,
          null,
          1,
          1,
          null,
          null,
          1,
          1,
          null,
          null,
          1,
          1,
          null,
          null,
          1,
          1,
          null,
          null,
          1,
          1,
          null,
          null,
          1,
          1,
          null,
          null,
          1,
          1,
          null,
          null,
          1,
          null,
          null,
          null,
          1,
          null,
          null,
          null,
          null,
          null,
          null,
          null,
          null,
          null,
          null,
          null,
          null,
          null,
          null,
          null,
          null,
          null,
          null,
          null,
          null,
          null,
          null,
          null,
          null,
          null,
          null,
          null,
          null,
          1,
          null,
          1,
          1,
          null,
          null,
          1,
          null,
          null,
          null,
          1,
          null,
          null,
          null,
          null,
          null,
          null,
          null,
          null,
          null,
          null,
          null,
          null,
          null,
          null,
          null,
          null,
          null,
          null,
          null,
          null,
          null,
          null,
          null,
          null,
          null,
          null,
          null,
          null,
          1,
          null,
          1,
          1,
          null,
          null,
          null,
          1,
          null,
          null,
          1,
          null,
          null,
          null,
          null,
          null,
          null,
          null,
          null,
          null,
          null,
          null,
          null,
          null,
          null,
          null,
          null,
          null,
          null,
          null,
          null,
          null,
          null,
          null,
          null,
          null,
          null,
          null,
          null,
          1,
          null,
          1,
          1,
          null,
          null,
          1,
          null,
          null,
          1,
          null,
          null,
          null,
          null,
          null,
          null,
          null,
          null,
          null,
          null,
          null,
          null,
          null,
          null,
          null,
          null,
          null,
          null,
          null,
          null,
          null,
          null,
          null,
          null,
          null,
          null,
          null,
          null,
          1,
          null,
          1,
          1,
          null,
          null,
          1,
          null,
          null,
          1,
          null,
          null,
          null,
          null,
          null,
          null,
          null,
          null,
          null,
          null,
          null,
          null,
          null,
          null,
          null,
          null,
          null,
          null,
          null,
          null,
          null,
          null,
          null,
          null,
          null,
          null,
          null,
          null,
          1,
          null,
          1,
          1,
          null,
          null,
          null,
          null,
          null,
          null,
          1,
          1,
          null,
          null,
          1,
          1,
          null,
          null,
          1,
          1,
          null,
          null,
          1,
          1,
          null,
          null,
          1,
          1,
          null,
          null,
          1,
          1,
          null,
          null,
          1,
          1,
          null,
          null,
          null,
          null,
          null,
          null,
          null,
          null,
          1,
          null,
          null,
          1,
          null,
          null,
          null,
          null,
          null,
          null,
          null,
          null,
          null,
          null,
          null,
          null,
          null,
          null,
          null,
          null,
          null,
          null,
          null,
          1,
          1,
          null,
          null,
          1,
          null,
          null,
          1,
          null,
          null,
          null,
          null,
          null,
          null,
          null,
          null,
          null,
          null,
          null,
          null,
          null,
          null,
          null,
          null,
          null,
          null,
          null,
          1,
          1,
          null,
          null,
          1,
          null,
          null,
          null,
          1,
          null,
          null,
          null,
          null,
          null,
          null,
          null,
          null,
          null,
          null,
          null,
          null,
          null,
          null,
          null,
          null,
          null,
          null,
          null,
          1,
          1,
          null,
          null,
          null,
          1,
          1,
          null,
          null,
          1,
          1,
          null,
          null,
          1,
          null,
          null,
          1,
          null,
          null,
          null,
          null,
          null,
          null,
          null,
          null,
          null,
          null,
          null,
          null,
          null,
          null,
          null,
          null,
          null,
          null,
          null,
          null,
          null,
          null,
          null,
          null,
          null,
          1,
          null,
          null,
          null,
          null,
          null,
          null,
          null,
          null,
          1,
          1,
          1,
          null,
          null,
          1,
          null,
          null,
          1,
          null,
          null,
          null,
          null,
          null,
          null,
          null,
          null,
          null,
          null,
          null,
          null,
          null,
          null,
          null,
          null,
          null,
          null,
          null,
          null,
          null,
          null,
          null,
          null,
          null,
          1,
          null,
          null,
          null,
          null,
          null,
          null,
          null,
          null,
          1,
          1,
          1,
          null,
          null
        ]
      },
      "/Users/erikriggs/turing_work/1mod/projects/futbol/lib/stat_tracker.rb": {
        "lines": [
          1,
          1,
          1,
          1,
          1,
          1,
          1,
          1,
          null,
          1,
          1,
          1,
          1,
          1,
          1,
          1,
          31,
          31,
          31,
          null,
          null,
          1,
          20,
          20,
          84,
          null,
          null,
          null,
          1,
          15,
          15,
          418,
          null,
          null,
          null,
          1,
          14,
          14,
          92,
          null,
          null,
          null,
          1,
          31,
          null,
          null,
          null,
          null,
          null,
          null,
          1,
          1,
          null,
          null,
          1,
          1,
          null,
          null,
          1,
          1,
          null,
          null,
          1,
          1,
          null,
          null,
          1,
          1,
          null,
          null,
          1,
          2,
          null,
          null,
          1,
          1,
          null,
          null,
          1,
          1,
          1,
          1,
          null,
          1,
          null,
          null,
          1,
          1,
          null,
          null,
          1,
          1,
          1,
          null,
          null,
          1,
          1,
          1,
          null,
          null,
          1,
          1,
          1,
          null,
          null,
          1,
          1,
          1,
          null,
          null,
          1,
          1,
          1,
          null,
          null,
          1,
          2,
          2,
          null,
          null,
          1,
          1,
          null,
          null,
          1,
          1,
          null,
          null,
          1,
          1,
          1,
          null,
          null,
          1,
          1,
          1,
          null,
          null,
          1,
          1,
          1,
          null,
          null,
          1,
          1,
          1,
          null,
          null,
          1,
          14,
          14,
          89,
          14,
          14,
          14,
          14,
          14,
          14,
          null,
          null,
          null,
          null,
          1,
          1,
          1,
          1,
          null,
          null,
          1,
          1,
          1,
          1,
          null,
          null,
          1,
          1,
          null,
          null,
          1,
          1,
          null,
          null,
          1,
          1,
          null,
          null,
          1,
          1,
          1,
          1,
          null,
          null,
          1,
          1,
          1,
          1,
          null,
          null
        ]
      },
      "/Users/erikriggs/turing_work/1mod/projects/futbol/lib/game.rb": {
        "lines": [
          1,
          1,
          null,
          1,
          123,
          123,
          123,
          123,
          123,
          123,
          null,
          null,
          1,
          53,
          null,
          null
        ]
      },
      "/Users/erikriggs/turing_work/1mod/projects/futbol/lib/team.rb": {
        "lines": [
          1,
          1,
          1,
          419,
          419,
          419,
          419,
          419,
          null,
          null,
          null
        ]
      },
      "/Users/erikriggs/turing_work/1mod/projects/futbol/lib/game_team.rb": {
        "lines": [
          1,
          1,
          null,
          1,
          125,
          125,
          125,
          125,
          125,
          125,
          125,
          null,
          null
        ]
      },
      "/Users/erikriggs/turing_work/1mod/projects/futbol/lib/game_processor.rb": {
        "lines": [
          1,
          1,
          4,
          2,
          2,
          11,
          4,
          null,
          null,
          null,
          null,
          2,
          2,
          11,
          4,
          null,
          null,
          null,
          4,
          null,
          null,
          1,
          6,
          2,
          2,
          11,
          4,
          null,
          null,
          2,
          null,
          4,
          2,
          2,
          11,
          6,
          null,
          null,
          2,
          null,
          null,
          2,
          2,
          11,
          1,
          null,
          null,
          2,
          null,
          null,
          null,
          1,
          3,
          3,
          18,
          null,
          3,
          null,
          null,
          1,
          2,
          2,
          11,
          null,
          2,
          null,
          null,
          1,
          2,
          2,
          11,
          null,
          2,
          null,
          null
        ]
      },
      "/Users/erikriggs/turing_work/1mod/projects/futbol/lib/league_processor.rb": {
        "lines": [
          1,
          null,
          1,
          4,
          4,
          4,
          20,
          20,
          null,
          4,
          6,
          6,
          2,
          null,
          6,
          6,
          2,
          null,
          null,
          null,
          1,
          4,
          4,
          4,
          12,
          12,
          null,
          4,
          6,
          6,
          2,
          6,
          6,
          2,
          null,
          null,
          null,
          1,
          5,
          5,
          5,
          16,
          16,
          null,
          5,
          6,
          6,
          2,
          9,
          9,
          3,
          null,
          null,
          null,
          null
        ]
      },
      "/Users/erikriggs/turing_work/1mod/projects/futbol/lib/season_processor.rb": {
        "lines": [
          1,
          1,
          18,
          6,
          24,
          24,
          24,
          null,
          null,
          6,
          null,
          null,
          1,
          2,
          2,
          2,
          4,
          2,
          2,
          null,
          null,
          2,
          null,
          null,
          1,
          2,
          2,
          2,
          4,
          2,
          2,
          null,
          null,
          2,
          null,
          null,
          1,
          15,
          5,
          22,
          22,
          22,
          null,
          null,
          5,
          null,
          null,
          1,
          2,
          2,
          2,
          4,
          4,
          4,
          null,
          null,
          2,
          null,
          null,
          1,
          2,
          2,
          2,
          4,
          2,
          2,
          null,
          null,
          2,
          null,
          null,
          1,
          3,
          3,
          18,
          18,
          null,
          null,
          3,
          null,
          null
        ]
      },
      "/Users/erikriggs/turing_work/1mod/projects/futbol/lib/team_processor.rb": {
        "lines": [
          1,
          1,
          12,
          5,
          14,
          10,
          10,
          5,
          null,
          null,
          null,
          null,
          5,
          null,
          null,
          1,
          2,
          2,
          2,
          3,
          3,
          3,
          null,
          null,
          2,
          null,
          null,
          1,
          2,
          2,
          2,
          3,
          2,
          2,
          null,
          null,
          2,
          null,
          null,
          1,
          2,
          2,
          6,
          5,
          null,
          null,
          2,
          null,
          null,
          1,
          3,
          3,
          8,
          6,
          3,
          null,
          null,
          null,
          3,
          null,
          null,
          1,
          4,
          2,
          2,
          10,
          5,
          2,
          null,
          null,
          null,
          2,
          null,
          2,
          2,
          10,
          5,
          3,
          null,
          null,
          null,
          2,
          null,
          null,
          null,
          1,
          12,
          5,
          17,
          13,
          13,
          5,
          null,
          null,
          null,
          17,
          4,
          4,
          4,
          null,
          null,
          null,
          null,
          5,
          null,
          null,
          1,
          2,
          2,
          2,
          3,
          2,
          2,
          2,
          null,
          null,
          2,
          null,
          null,
          1,
          2,
          2,
          2,
          3,
          3,
          3,
          3,
          null,
          null,
          2,
          null,
          null,
          null
        ]
      },
      "/Users/erikriggs/turing_work/1mod/projects/futbol/spec/team_spec.rb": {
        "lines": [
          1,
          null,
          1,
          null,
          1,
          null,
          1,
          null,
          null,
          null,
          null,
          null,
          1,
          1,
          1,
          1,
          1,
          1,
          1,
          null,
          null
        ]
      },
      "/Users/erikriggs/turing_work/1mod/projects/futbol/spec/game_spec.rb": {
        "lines": [
          1,
          null,
          1,
          1,
          null,
          2,
          null,
          null,
          null,
          null,
          null,
          null,
          2,
          null,
          1,
          null,
          1,
          1,
          1,
          1,
          1,
          1,
          1,
          null,
          null,
          1,
          1,
          null,
          null
        ]
      },
      "/Users/erikriggs/turing_work/1mod/projects/futbol/spec/game_team_spec.rb": {
        "lines": [
          1,
          null,
          1,
          null,
          1,
          null,
          1,
          null,
          null,
          null,
          null,
          null,
          null,
          null,
          1,
          1,
          1,
          1,
          1,
          1,
          1,
          1,
          1,
          null,
          null
        ]
      },
      "/Users/erikriggs/turing_work/1mod/projects/futbol/spec/game_processor_spec.rb": {
        "lines": [
          1,
          1,
          null,
          1,
          11,
          null,
          6,
          null,
          null,
          null,
          null,
          null,
          null,
          6,
          null,
          null,
          null,
          null,
          null,
          null,
          6,
          null,
          null,
          null,
          null,
          null,
          null,
          6,
          null,
          null,
          null,
          null,
          null,
          null,
          null,
          6,
          null,
          1,
          1,
          1,
          null,
          null,
          1,
          1,
          1,
          1,
          null,
          null,
          1,
          1,
          null,
          null,
          null,
          null,
          1,
          1,
          null,
          null,
          1,
          1,
          null,
          null,
          1,
          null,
          null
        ]
      },
      "/Users/erikriggs/turing_work/1mod/projects/futbol/spec/team_processor_spec.rb": {
        "lines": [
          1,
          1,
          1,
          1,
          19,
          null,
          4,
          null,
          null,
          null,
          null,
          null,
          null,
          4,
          null,
          null,
          null,
          null,
          null,
          null,
          4,
          null,
          null,
          null,
          null,
          null,
          null,
          4,
          null,
          7,
          null,
          null,
          null,
          null,
          null,
          null,
          null,
          7,
          null,
          null,
          null,
          null,
          null,
          null,
          null,
          1,
          null,
          null,
          null,
          null,
          null,
          null,
          7,
          null,
          1,
          1,
          null,
          null,
          1,
          1,
          1,
          null,
          null,
          1,
          1,
          1,
          null,
          null,
          1,
          1,
          null,
          null,
          1,
          1,
          1,
          null,
          null,
          1,
          1,
          1,
          null,
          null,
          1,
          1,
          null,
          null,
          1,
          1,
          1,
          null,
          null,
          1,
          1,
          1,
          null,
          null,
          null
        ]
      },
      "/Users/erikriggs/turing_work/1mod/projects/futbol/spec/season_processor_spec.rb": {
        "lines": [
          1,
          1,
          1,
          17,
          9,
          null,
          null,
          null,
          null,
          null,
          null,
          null,
          9,
          null,
          null,
          null,
          null,
          null,
          null,
          null,
          9,
          null,
          1,
          1,
          null,
          null,
          1,
          1,
          null,
          null,
          1,
          1,
          1,
          null,
          null,
          1,
          1,
          1,
          null,
          null,
          1,
          1,
          null,
          null,
          1,
          1,
          1,
          null,
          null,
          1,
          1,
          1,
          null,
          null,
          1,
          1,
          null,
          null
        ]
      },
      "/Users/erikriggs/turing_work/1mod/projects/futbol/spec/league_processor_spec.rb": {
        "lines": [
          1,
          1,
          1,
          null,
          1,
          null,
          13,
          3,
          null,
          null,
          null,
          null,
          null,
          null,
          null,
          3,
          null,
          null,
          null,
          null,
          null,
          null,
          null,
          5,
          null,
          null,
          null,
          null,
          null,
          null,
          5,
          null,
          null,
          null,
          null,
          null,
          null,
          null,
          3,
          5,
          null,
          1,
          1,
          null,
          null,
          1,
          1,
          null,
          null,
          1,
          1,
          null,
          null,
          1,
          1,
          null,
          null,
          1,
          1,
          null,
          null,
          1,
          1,
          null,
          null,
          null
        ]
      }
    },
    "timestamp": 1659538266
  }
}
